2022-06-19 10:38:03.435  INFO 27261 --- [restartedMain] c.shopme.admin.ShopmeBackEndApplication  : Starting ShopmeBackEndApplication using Java 17.0.1 on Channas-MacBook-Pro.local with PID 27261 (/Users/channa/Documents/workspace-spring-tool-suite-4-4.7.1.RELEASE/springproject/ShopmeProject/ShopmeWebParent/ShopmeBackEnd/target/classes started by channa in /Users/channa/Documents/workspace-spring-tool-suite-4-4.7.1.RELEASE/springproject/ShopmeProject/ShopmeWebParent/ShopmeBackEnd)
2022-06-19 10:38:03.436 DEBUG 27261 --- [restartedMain] c.shopme.admin.ShopmeBackEndApplication  : Running with Spring Boot v2.6.7, Spring v5.3.19
2022-06-19 10:38:03.436  INFO 27261 --- [restartedMain] c.shopme.admin.ShopmeBackEndApplication  : No active profile set, falling back to 1 default profile: "default"
2022-06-19 10:38:04.604  WARN 27261 --- [restartedMain] o.a.c.c.C.[.[localhost].[/ShopmeAdmin]   : Cannot deserialize session attribute [SPRING_SECURITY_CONTEXT] for session [2676374D530615B5E1E6DD1135E68139]
2022-06-19 10:38:05.588  WARN 27261 --- [restartedMain] JpaBaseConfiguration$JpaWebConfiguration : spring.jpa.open-in-view is enabled by default. Therefore, database queries may be performed during view rendering. Explicitly configure spring.jpa.open-in-view to disable this warning
2022-06-19 10:38:05.949  WARN 27261 --- [restartedMain] o.s.s.c.a.web.builders.WebSecurity       : You are asking Spring Security to ignore Ant [pattern='/images/**']. This is not recommended -- please use permitAll via HttpSecurity#authorizeHttpRequests instead.
2022-06-19 10:38:05.950  WARN 27261 --- [restartedMain] o.s.s.c.a.web.builders.WebSecurity       : You are asking Spring Security to ignore Ant [pattern='/js/**']. This is not recommended -- please use permitAll via HttpSecurity#authorizeHttpRequests instead.
2022-06-19 10:38:05.950  WARN 27261 --- [restartedMain] o.s.s.c.a.web.builders.WebSecurity       : You are asking Spring Security to ignore Ant [pattern='/webjars/**']. This is not recommended -- please use permitAll via HttpSecurity#authorizeHttpRequests instead.
2022-06-19 10:38:06.417  INFO 27261 --- [restartedMain] c.shopme.admin.ShopmeBackEndApplication  : Started ShopmeBackEndApplication in 3.243 seconds (JVM running for 8.721)
2022-06-19 10:42:10.812  WARN 27261 --- [HikariPool-1 housekeeper] com.zaxxer.hikari.pool.HikariPool        : HikariPool-1 - Thread starvation or clock leap detected (housekeeper delta=1m5s575ms).
2022-06-19 10:52:25.553  INFO 27261 --- [restartedMain] c.shopme.admin.ShopmeBackEndApplication  : Starting ShopmeBackEndApplication using Java 17.0.1 on Channas-MacBook-Pro.local with PID 27261 (/Users/channa/Documents/workspace-spring-tool-suite-4-4.7.1.RELEASE/springproject/ShopmeProject/ShopmeWebParent/ShopmeBackEnd/target/classes started by channa in /Users/channa/Documents/workspace-spring-tool-suite-4-4.7.1.RELEASE/springproject/ShopmeProject/ShopmeWebParent/ShopmeBackEnd)
2022-06-19 10:52:25.553 DEBUG 27261 --- [restartedMain] c.shopme.admin.ShopmeBackEndApplication  : Running with Spring Boot v2.6.7, Spring v5.3.19
2022-06-19 10:52:25.553  INFO 27261 --- [restartedMain] c.shopme.admin.ShopmeBackEndApplication  : No active profile set, falling back to 1 default profile: "default"
2022-06-19 10:52:25.848  WARN 27261 --- [restartedMain] o.a.c.c.C.[.[localhost].[/ShopmeAdmin]   : Cannot deserialize session attribute [SPRING_SECURITY_CONTEXT] for session [9963DF4B6CC43CC4E51934EC6736D08D]
2022-06-19 10:52:25.976  WARN 27261 --- [restartedMain] JpaBaseConfiguration$JpaWebConfiguration : spring.jpa.open-in-view is enabled by default. Therefore, database queries may be performed during view rendering. Explicitly configure spring.jpa.open-in-view to disable this warning
2022-06-19 10:52:26.079  WARN 27261 --- [restartedMain] o.s.s.c.a.web.builders.WebSecurity       : You are asking Spring Security to ignore Ant [pattern='/images/**']. This is not recommended -- please use permitAll via HttpSecurity#authorizeHttpRequests instead.
2022-06-19 10:52:26.081  WARN 27261 --- [restartedMain] o.s.s.c.a.web.builders.WebSecurity       : You are asking Spring Security to ignore Ant [pattern='/js/**']. This is not recommended -- please use permitAll via HttpSecurity#authorizeHttpRequests instead.
2022-06-19 10:52:26.082  WARN 27261 --- [restartedMain] o.s.s.c.a.web.builders.WebSecurity       : You are asking Spring Security to ignore Ant [pattern='/webjars/**']. This is not recommended -- please use permitAll via HttpSecurity#authorizeHttpRequests instead.
2022-06-19 10:52:26.358  INFO 27261 --- [restartedMain] c.shopme.admin.ShopmeBackEndApplication  : Started ShopmeBackEndApplication in 5.831 seconds (JVM running for 833.092)
2022-06-19 10:54:15.955  INFO 27261 --- [restartedMain] c.shopme.admin.ShopmeBackEndApplication  : Starting ShopmeBackEndApplication using Java 17.0.1 on Channas-MacBook-Pro.local with PID 27261 (/Users/channa/Documents/workspace-spring-tool-suite-4-4.7.1.RELEASE/springproject/ShopmeProject/ShopmeWebParent/ShopmeBackEnd/target/classes started by channa in /Users/channa/Documents/workspace-spring-tool-suite-4-4.7.1.RELEASE/springproject/ShopmeProject/ShopmeWebParent/ShopmeBackEnd)
2022-06-19 10:54:15.955 DEBUG 27261 --- [restartedMain] c.shopme.admin.ShopmeBackEndApplication  : Running with Spring Boot v2.6.7, Spring v5.3.19
2022-06-19 10:54:15.955  INFO 27261 --- [restartedMain] c.shopme.admin.ShopmeBackEndApplication  : No active profile set, falling back to 1 default profile: "default"
2022-06-19 10:54:16.297  WARN 27261 --- [restartedMain] JpaBaseConfiguration$JpaWebConfiguration : spring.jpa.open-in-view is enabled by default. Therefore, database queries may be performed during view rendering. Explicitly configure spring.jpa.open-in-view to disable this warning
2022-06-19 10:54:16.362  WARN 27261 --- [restartedMain] o.s.s.c.a.web.builders.WebSecurity       : You are asking Spring Security to ignore Ant [pattern='/images/**']. This is not recommended -- please use permitAll via HttpSecurity#authorizeHttpRequests instead.
2022-06-19 10:54:16.362  WARN 27261 --- [restartedMain] o.s.s.c.a.web.builders.WebSecurity       : You are asking Spring Security to ignore Ant [pattern='/js/**']. This is not recommended -- please use permitAll via HttpSecurity#authorizeHttpRequests instead.
2022-06-19 10:54:16.362  WARN 27261 --- [restartedMain] o.s.s.c.a.web.builders.WebSecurity       : You are asking Spring Security to ignore Ant [pattern='/webjars/**']. This is not recommended -- please use permitAll via HttpSecurity#authorizeHttpRequests instead.
2022-06-19 10:54:16.642  INFO 27261 --- [restartedMain] c.shopme.admin.ShopmeBackEndApplication  : Started ShopmeBackEndApplication in 5.715 seconds (JVM running for 943.376)
2022-06-19 10:59:40.769  INFO 27398 --- [restartedMain] c.shopme.admin.ShopmeBackEndApplication  : Starting ShopmeBackEndApplication using Java 17.0.1 on Channas-MacBook-Pro.local with PID 27398 (/Users/channa/Documents/workspace-spring-tool-suite-4-4.7.1.RELEASE/springproject/ShopmeProject/ShopmeWebParent/ShopmeBackEnd/target/classes started by channa in /Users/channa/Documents/workspace-spring-tool-suite-4-4.7.1.RELEASE/springproject/ShopmeProject/ShopmeWebParent/ShopmeBackEnd)
2022-06-19 10:59:40.770 DEBUG 27398 --- [restartedMain] c.shopme.admin.ShopmeBackEndApplication  : Running with Spring Boot v2.6.7, Spring v5.3.19
2022-06-19 10:59:40.770  INFO 27398 --- [restartedMain] c.shopme.admin.ShopmeBackEndApplication  : No active profile set, falling back to 1 default profile: "default"
2022-06-19 10:59:43.231  WARN 27398 --- [restartedMain] JpaBaseConfiguration$JpaWebConfiguration : spring.jpa.open-in-view is enabled by default. Therefore, database queries may be performed during view rendering. Explicitly configure spring.jpa.open-in-view to disable this warning
2022-06-19 10:59:43.604  WARN 27398 --- [restartedMain] o.s.s.c.a.web.builders.WebSecurity       : You are asking Spring Security to ignore Ant [pattern='/images/**']. This is not recommended -- please use permitAll via HttpSecurity#authorizeHttpRequests instead.
2022-06-19 10:59:43.604  WARN 27398 --- [restartedMain] o.s.s.c.a.web.builders.WebSecurity       : You are asking Spring Security to ignore Ant [pattern='/js/**']. This is not recommended -- please use permitAll via HttpSecurity#authorizeHttpRequests instead.
2022-06-19 10:59:43.604  WARN 27398 --- [restartedMain] o.s.s.c.a.web.builders.WebSecurity       : You are asking Spring Security to ignore Ant [pattern='/webjars/**']. This is not recommended -- please use permitAll via HttpSecurity#authorizeHttpRequests instead.
2022-06-19 10:59:44.154  INFO 27398 --- [restartedMain] c.shopme.admin.ShopmeBackEndApplication  : Started ShopmeBackEndApplication in 3.708 seconds (JVM running for 9.22)
